<?xml version="1.0" encoding="UTF-8"?>
<!-- Generated by org.testng.reporters.JUnitReportReporter -->
<testsuite skipped="0" hostname="tomb1" name="com.myprojectmaven.MyProjectMaven.NewTest" tests="1" failures="0" timestamp="11 Feb 2019 08:54:34 GMT" time="27.383" errors="0">
  <testcase name="verifytestApp" time="27.383" classname="com.myprojectmaven.MyProjectMaven.NewTest"/>
</testsuite> <!-- com.myprojectmaven.MyProjectMaven.NewTest -->
